# JRE version: Java(TM) SE Runtime Environment (8.0_161-b12) (build 1.8.0_161-b12)
# Java VM: Java HotSpot(TM) 64-Bit Server VM (25.161-b12 mixed mode windows-amd64 compressed oops)
Heap:
 def new generation   total 8640K, used 3065K [0x00000000e4000000, 0x00000000e4950000, 0x00000000ed550000)
  eden space 7744K,  28% used [0x00000000e4000000, 0x00000000e421e788, 0x00000000e4790000)
  from space 896K, 100% used [0x00000000e4870000, 0x00000000e4950000, 0x00000000e4950000)
  to   space 896K,   0% used [0x00000000e4790000, 0x00000000e4790000, 0x00000000e4870000)
 tenured generation   total 19136K, used 2996K [0x00000000ed550000, 0x00000000ee800000, 0x0000000100000000)
   the space 19136K,  15% used [0x00000000ed550000, 0x00000000ed83d2d0, 0x00000000ed83d400, 0x00000000ee800000)
 Metaspace       used 8409K, capacity 8572K, committed 8832K, reserved 1056768K
  class space    used 1041K, capacity 1112K, committed 1152K, reserved 1048576K
GC Heap History (6 events):
Event: 0.737 GC heap before
{Heap before GC invocations=0 (full 0):
 def new generation   total 8640K, used 7744K [0x00000000e4000000, 0x00000000e4950000, 0x00000000ed550000)
  eden space 7744K, 100% used [0x00000000e4000000, 0x00000000e4790000, 0x00000000e4790000)
  from space 896K,   0% used [0x00000000e4790000, 0x00000000e4790000, 0x00000000e4870000)
  to   space 896K,   0% used [0x00000000e4870000, 0x00000000e4870000, 0x00000000e4950000)
 tenured generation   total 19136K, used 0K [0x00000000ed550000, 0x00000000ee800000, 0x0000000100000000)
   the space 19136K,   0% used [0x00000000ed550000, 0x00000000ed550000, 0x00000000ed550200, 0x00000000ee800000)
 Metaspace       used 5770K, capacity 5916K, committed 6144K, reserved 1056768K
  class space    used 637K, capacity 696K, committed 768K, reserved 1048576K
Event: 0.745 GC heap after
Heap after GC invocations=1 (full 0):
 def new generation   total 8640K, used 896K [0x00000000e4000000, 0x00000000e4950000, 0x00000000ed550000)
  eden space 7744K,   0% used [0x00000000e4000000, 0x00000000e4000000, 0x00000000e4790000)
  from space 896K, 100% used [0x00000000e4870000, 0x00000000e4950000, 0x00000000e4950000)
  to   space 896K,   0% used [0x00000000e4790000, 0x00000000e4790000, 0x00000000e4870000)
 tenured generation   total 19136K, used 1177K [0x00000000ed550000, 0x00000000ee800000, 0x0000000100000000)
   the space 19136K,   6% used [0x00000000ed550000, 0x00000000ed676678, 0x00000000ed676800, 0x00000000ee800000)
 Metaspace       used 5770K, capacity 5916K, committed 6144K, reserved 1056768K
  class space    used 637K, capacity 696K, committed 768K, reserved 1048576K
}
Event: 0.991 GC heap before
{Heap before GC invocations=1 (full 0):
 def new generation   total 8640K, used 8640K [0x00000000e4000000, 0x00000000e4950000, 0x00000000ed550000)
  eden space 7744K, 100% used [0x00000000e4000000, 0x00000000e4790000, 0x00000000e4790000)
  from space 896K, 100% used [0x00000000e4870000, 0x00000000e4950000, 0x00000000e4950000)
  to   space 896K,   0% used [0x00000000e4790000, 0x00000000e4790000, 0x00000000e4870000)
 tenured generation   total 19136K, used 1177K [0x00000000ed550000, 0x00000000ee800000, 0x0000000100000000)
   the space 19136K,   6% used [0x00000000ed550000, 0x00000000ed676678, 0x00000000ed676800, 0x00000000ee800000)
 Metaspace       used 7270K, capacity 7388K, committed 7552K, reserved 1056768K
  class space    used 851K, capacity 888K, committed 896K, reserved 1048576K
Event: 0.998 GC heap after
Heap after GC invocations=2 (full 0):
 def new generation   total 8640K, used 895K [0x00000000e4000000, 0x00000000e4950000, 0x00000000ed550000)
  eden space 7744K,   0% used [0x00000000e4000000, 0x00000000e4000000, 0x00000000e4790000)
  from space 896K,  99% used [0x00000000e4790000, 0x00000000e486fff8, 0x00000000e4870000)
  to   space 896K,   0% used [0x00000000e4870000, 0x00000000e4870000, 0x00000000e4950000)
 tenured generation   total 19136K, used 2542K [0x00000000ed550000, 0x00000000ee800000, 0x0000000100000000)
   the space 19136K,  13% used [0x00000000ed550000, 0x00000000ed7cb958, 0x00000000ed7cba00, 0x00000000ee800000)
 Metaspace       used 7270K, capacity 7388K, committed 7552K, reserved 1056768K
  class space    used 851K, capacity 888K, committed 896K, reserved 1048576K
}
Event: 1.221 GC heap before
{Heap before GC invocations=2 (full 0):
 def new generation   total 8640K, used 8639K [0x00000000e4000000, 0x00000000e4950000, 0x00000000ed550000)
  eden space 7744K, 100% used [0x00000000e4000000, 0x00000000e4790000, 0x00000000e4790000)
  from space 896K,  99% used [0x00000000e4790000, 0x00000000e486fff8, 0x00000000e4870000)
  to   space 896K,   0% used [0x00000000e4870000, 0x00000000e4870000, 0x00000000e4950000)
 tenured generation   total 19136K, used 2542K [0x00000000ed550000, 0x00000000ee800000, 0x0000000100000000)
   the space 19136K,  13% used [0x00000000ed550000, 0x00000000ed7cb958, 0x00000000ed7cba00, 0x00000000ee800000)
 Metaspace       used 8359K, capacity 8476K, committed 8576K, reserved 1056768K
  class space    used 1033K, capacity 1080K, committed 1152K, reserved 1048576K
Event: 1.227 GC heap after
Heap after GC invocations=3 (full 0):
 def new generation   total 8640K, used 896K [0x00000000e4000000, 0x00000000e4950000, 0x00000000ed550000)
  eden space 7744K,   0% used [0x00000000e4000000, 0x00000000e4000000, 0x00000000e4790000)
  from space 896K, 100% used [0x00000000e4870000, 0x00000000e4950000, 0x00000000e4950000)
  to   space 896K,   0% used [0x00000000e4790000, 0x00000000e4790000, 0x00000000e4870000)
 tenured generation   total 19136K, used 2996K [0x00000000ed550000, 0x00000000ee800000, 0x0000000100000000)
   the space 19136K,  15% used [0x00000000ed550000, 0x00000000ed83d2d0, 0x00000000ed83d400, 0x00000000ee800000)
 Metaspace       used 8359K, capacity 8476K, committed 8576K, reserved 1056768K
  class space    used 1033K, capacity 1080K, committed 1152K, reserved 1048576K
}

